Using pre-set license
Built from 'trunk' branch; Version is '2020.2.0a19 (8037ac78137e) revision 8402860'; Using compiler version '192528614'; Build Type 'Release'
OS: 'Windows 10  (10.0.0) 64bit' Language: 'zh' Physical Memory: 8026 MB
BatchMode: 1, IsHumanControllingUs: 0, StartBugReporterOnCrash: 0, Is64bit: 1, IsPro: 0

 COMMAND LINE ARGUMENTS:
D:\unity2019.2.13f1\2020.2.0a19\Editor\Unity.exe
-adb2
-batchMode
-noUpm
-name
AssetImportWorker0
-projectPath
D:/Jump/Jump
-logFile
Logs/AssetImportWorker0.log
-srvPort
3737
Successfully changed project path to: D:/Jump/Jump
D:/Jump/Jump
Using Asset Import Pipeline V2.
Refreshing native plugins compatible for Editor in 74.85 ms, found 1 plugins.
Preloading 0 native plugins for Editor in 0.00 ms.
Initialize engine version: 2020.2.0a19 (8037ac78137e)
[Subsystems] Discovering subsystems at path D:/unity2019.2.13f1/2020.2.0a19/Editor/Data/Resources/UnitySubsystems
[Subsystems] Discovering subsystems at path D:/Jump/Jump/Assets
GfxDevice: creating device client; threaded=0
Direct3D:
    Version:  Direct3D 11.0 [level 11.1]
    Renderer: Intel(R) HD Graphics 620 (ID=0x5916)
    Vendor:   
    VRAM:     4013 MB
    Driver:   22.20.16.4749
Shader 'Universal Render Pipeline/Particles/Lit': fallback shader 'Universal Render Pipeline/Particles/SimpleLit' not found
Initialize mono
Mono path[0] = 'D:/unity2019.2.13f1/2020.2.0a19/Editor/Data/Managed'
Mono path[1] = 'D:/unity2019.2.13f1/2020.2.0a19/Editor/Data/MonoBleedingEdge/lib/mono/unityjit'
Mono config path = 'D:/unity2019.2.13f1/2020.2.0a19/Editor/Data/MonoBleedingEdge/etc'
Using monoOptions --debugger-agent=transport=dt_socket,embedding=1,server=y,suspend=n,address=127.0.0.1:56964
Begin MonoManager ReloadAssembly
Registering precompiled unity dll's ...
Register platform support module: D:/unity2019.2.13f1/2020.2.0a19/Editor/Data/PlaybackEngines/WindowsStandaloneSupport/UnityEditor.WindowsStandalone.Extensions.dll
Registered in 0.006441 seconds.
Native extension for WindowsStandalone target not found
Refreshing native plugins compatible for Editor in 109.39 ms, found 1 plugins.
Preloading 0 native plugins for Editor in 0.00 ms.
Invoked RoslynAnalysisRunner static constructor.
RoslynAnalysisRunner will not be running.
RoslynAnalysisRunner has terminated.
Mono: successfully reloaded assembly
- Completed reload, in  2.574 seconds
Registering precompiled user dll's ...
Registered in 0.446461 seconds.
Platform modules already initialized, skipping
Begin MonoManager ReloadAssembly
Symbol file LoadedFromMemory doesn't match image D:\Jump\Jump\Library\PackageCache\com.unity.ext.nunit@1.0.0\net35\unity-custom\nunit.framework.dll
Native extension for WindowsStandalone target not found
Refreshing native plugins compatible for Editor in 116.15 ms, found 1 plugins.
Preloading 0 native plugins for Editor in 0.00 ms.
Invoked RoslynAnalysisRunner static constructor.
RoslynAnalysisRunner will not be running.
RoslynAnalysisRunner has terminated.
Mono: successfully reloaded assembly
- Completed reload, in  1.971 seconds
Platform modules already initialized, skipping
========================================================================
Worker process is ready to serve import requests
Shader 'Universal Render Pipeline/Particles/Lit': fallback shader 'Universal Render Pipeline/Particles/SimpleLit' not found
Launched and connected shader compiler UnityShaderCompiler.exe after 0.04 seconds
Refreshing native plugins compatible for Editor in 1.25 ms, found 1 plugins.
Preloading 0 native plugins for Editor in 0.00 ms.
Unloading 2850 Unused Serialized files (Serialized files now loaded: 0)
System memory in use before: 125.5 MB.
System memory in use after: 125.5 MB.

Unloading 13 unused Assets to reduce memory usage. Loaded Objects now: 3281.
Total: 4.801200 ms (FindLiveObjects: 0.954400 ms CreateObjectMapping: 0.479100 ms MarkObjects: 3.180200 ms  DeleteObjects: 0.186300 ms)

========================================================================
Received Import Request.
  path: Assets/Theme.png
  artifactKey: Guid(9c300a0a2186dde438aac76b98863008) Importer(815301076,1909f56bfc062723c751e8b465ee728b)
Start importing Assets/Theme.png using Guid(9c300a0a2186dde438aac76b98863008) Importer(815301076,1909f56bfc062723c751e8b465ee728b)  -> (artifact id: 'f952620b84cce963c5c75debcb1abcd8') in 0.403709 seconds
  Import took 0.413840 seconds .

========================================================================
Received Import Request.
  Time since last request: 7.943046 seconds.
  path: Assets/Theme.png
  artifactKey: Guid(9c300a0a2186dde438aac76b98863008) Importer(815301076,1909f56bfc062723c751e8b465ee728b)
Start importing Assets/Theme.png using Guid(9c300a0a2186dde438aac76b98863008) Importer(815301076,1909f56bfc062723c751e8b465ee728b)  -> (artifact id: '003e33f309ff1b9b7b189aa7ba6cb91c') in 0.030205 seconds
  Import took 0.041150 seconds .

========================================================================
Received Import Request.
  Time since last request: 0.011051 seconds.
  path: Assets/Theme.png
  artifactKey: Guid(9c300a0a2186dde438aac76b98863008) Importer(815301076,1909f56bfc062723c751e8b465ee728b)
Start importing Assets/Theme.png using Guid(9c300a0a2186dde438aac76b98863008) Importer(815301076,1909f56bfc062723c751e8b465ee728b)  -> (artifact id: '003e33f309ff1b9b7b189aa7ba6cb91c') in 0.034519 seconds
  Import took 0.041217 seconds .

AssetImportWorkerClient::OnTransportError - code=2 error=End of file
